<?xml version="1.0" encoding="UTF-8"?>
<testng-results skipped="0" failed="0" ignored="0" total="2" passed="2">
  <reporter-output>
  </reporter-output>
  <suite name="Suite" duration-ms="35288" started-at="2021-12-08T14:14:17Z" finished-at="2021-12-08T14:14:53Z">
    <groups>
      <group name="box">
        <method signature="One.suggestionBox()[pri:0, instance:Important.One@14acaea5]" name="suggestionBox" class="Important.One"/>
      </group> <!-- box -->
      <group name="frame">
        <method signature="One.frame()[pri:0, instance:Important.One@14acaea5]" name="frame" class="Important.One"/>
      </group> <!-- frame -->
    </groups>
    <test name="Test" duration-ms="35288" started-at="2021-12-08T14:14:17Z" finished-at="2021-12-08T14:14:53Z">
      <class name="Important.One">
        <test-method status="PASS" signature="frame()[pri:0, instance:Important.One@14acaea5]" name="frame" duration-ms="31711" started-at="2021-12-08T14:14:17Z" finished-at="2021-12-08T14:14:49Z">
          <reporter-output>
          </reporter-output>
        </test-method> <!-- frame -->
        <test-method status="PASS" signature="suggestionBox()[pri:0, instance:Important.One@14acaea5]" name="suggestionBox" duration-ms="35153" started-at="2021-12-08T14:14:17Z" finished-at="2021-12-08T14:14:53Z">
          <reporter-output>
          </reporter-output>
        </test-method> <!-- suggestionBox -->
      </class> <!-- Important.One -->
    </test> <!-- Test -->
  </suite> <!-- Suite -->
</testng-results>
